-----------src/node-std*------------
js-bson: Failed to load c++ bson extension, using pure JS version
test triggered
null
now listening on  5000
-----------src/ls*------------
Dockerfile
README.md
RESULTS.log
app
config.js
db
econapp_docker_rsa
econapp_docker_rsa.pub
getResults.sh
mongo-schema.md
node_modules
package.json
server
server.js
supervisord.conf
test.js
-----------test.txt------------
time: 10/3/2014 1:6
address variable: 172.17.0.10
port variable:27017
port: tcp://172.17.0.10:22
port_27017: tcp://172.17.0.10:27017

